#-----------------------------------------------------------
# Vivado v2017.4 (64-bit)
# SW Build 2086221 on Fri Dec 15 20:55:39 MST 2017
# IP Build 2085800 on Fri Dec 15 22:25:07 MST 2017
# Start of session at: Fri Jun 29 13:54:50 2018
# Process ID: 7644
# Current directory: C:/Users/Diabolum/Desktop/bio2/bak/hw_new/bio_portable
# Command line: vivado.exe -gui_launcher_event rodinguilauncherevent14304 C:\Users\Diabolum\Desktop\bio2\bak\hw_new\bio_portable\bio_portable.xpr
# Log file: C:/Users/Diabolum/Desktop/bio2/bak/hw_new/bio_portable/vivado.log
# Journal file: C:/Users/Diabolum/Desktop/bio2/bak/hw_new/bio_portable\vivado.jou
#-----------------------------------------------------------
start_gui
open_project C:/Users/Diabolum/Desktop/bio2/bak/hw_new/bio_portable/bio_portable.xpr
Scanning sources...
Finished scanning sources
INFO: [IP_Flow 19-234] Refreshing IP repositories
INFO: [IP_Flow 19-1700] Loaded user IP repository 'd:/project/vivado/ku115/ip'.
INFO: [IP_Flow 19-1700] Loaded user IP repository 'c:/Users/Diabolum/Desktop/bio2/bak/hw_new/ip'.
INFO: [IP_Flow 19-2313] Loaded Vivado IP repository 'D:/software/xilinx/Vivado/2017.4/data/ip'.
CRITICAL WARNING: [IP_Flow 19-1663] Duplicate IP found for 'xilinx.com:user:axisrd2axi:1.0'. The one found in IP location 'd:/project/vivado/ku115/ip/ip_repo/axis2mmrd' will take precedence over the same IP in location c:/Users/Diabolum/Desktop/bio2/bak/hw_new/ip/ip_repo/axis2mmrd
CRITICAL WARNING: [IP_Flow 19-1663] Duplicate IP found for 'fudan:bio:ds_top:1.0'. The one found in IP location 'd:/project/vivado/ku115/ip/ip_repo/ds_top' will take precedence over the same IP in location c:/Users/Diabolum/Desktop/bio2/bak/hw_new/ip/ip_repo/ds_top
CRITICAL WARNING: [IP_Flow 19-1663] Duplicate IP found for 'fudan:bio:data_path:1.0'. The one found in IP location 'c:/Users/Diabolum/Desktop/bio2/bak/hw_new/ip/ip_repo/data_path' will take precedence over the same IP in location d:/project/vivado/ku115/ip/ip_repo/data_path
open_project: Time (s): cpu = 00:00:29 ; elapsed = 00:00:26 . Memory (MB): peak = 902.973 ; gain = 212.473
update_compile_order -fileset sources_1
open_bd_design {C:/Users/Diabolum/Desktop/bio2/bak/hw_new/bio_portable/bio_portable.srcs/sources_1/bd/system/system.bd}
Adding cell -- xilinx.com:ip:axi_dma:7.1 - axi_dma_0
WARNING: [BD 41-1282] Ignoring parameter HAS_BURST
WARNING: [BD 41-1281] Parameter HAS_BURST is not defined on /axi_dma_0/M_AXIS_MM2S. Setting parameter on /axi_dma_0/M_AXIS_MM2S failed
Adding cell -- xilinx.com:user:axisrd2axi:1.0 - axisrd2axi_0
Adding cell -- xilinx.com:ip:clk_wiz:5.4 - clk_wiz_0
Adding cell -- fudan:bio:data_path:1.0 - data_path_0
Adding cell -- xilinx.com:ip:ddr3:1.4 - ddr3_0
Adding cell -- fudan:bio:ds_top:1.0 - ds_top_0
Adding cell -- xilinx.com:ip:proc_sys_reset:5.0 - proc_sys_reset_0
Adding cell -- xilinx.com:ip:proc_sys_reset:5.0 - rst_ddr3_0_200M
Adding cell -- xilinx.com:ip:system_ila:1.1 - system_ila_1
Adding cell -- xilinx.com:ip:util_ds_buf:2.1 - util_ds_buf
Adding cell -- xilinx.com:ip:xdma:4.0 - xdma_0
Adding cell -- xilinx.com:ip:xlconstant:1.1 - xlconstant_0
Adding cell -- xilinx.com:ip:xlconstant:1.1 - xlconstant_1
Adding cell -- xilinx.com:ip:axi_crossbar:2.1 - xbar
Adding cell -- xilinx.com:ip:axi_crossbar:2.1 - xbar
Successfully read diagram <system> from BD file <C:/Users/Diabolum/Desktop/bio2/bak/hw_new/bio_portable/bio_portable.srcs/sources_1/bd/system/system.bd>
open_bd_design: Time (s): cpu = 00:00:19 ; elapsed = 00:00:12 . Memory (MB): peak = 1015.703 ; gain = 96.090
set_property  ip_repo_paths  d:/project/vivado/ku115/ip [current_project]
update_ip_catalog
INFO: [IP_Flow 19-234] Refreshing IP repositories
INFO: [IP_Flow 19-1700] Loaded user IP repository 'd:/project/vivado/ku115/ip'.
exit
INFO: [Common 17-206] Exiting Vivado at Fri Jun 29 13:57:14 2018...
